#! /usr/bin/vvp
:ivl_version "12.0 (stable)";
:ivl_delay_selection "TYPICAL";
:vpi_time_precision + 0;
:vpi_module "/usr/lib/x86_64-linux-gnu/ivl/system.vpi";
:vpi_module "/usr/lib/x86_64-linux-gnu/ivl/vhdl_sys.vpi";
:vpi_module "/usr/lib/x86_64-linux-gnu/ivl/vhdl_textio.vpi";
:vpi_module "/usr/lib/x86_64-linux-gnu/ivl/v2005_math.vpi";
:vpi_module "/usr/lib/x86_64-linux-gnu/ivl/va_math.vpi";
S_0x629bfa761ff0 .scope module, "tb_full_adder" "tb_full_adder" 2 8;
 .timescale 0 0;
v0x629bfa779090_0 .var "a", 0 0;
v0x629bfa779150_0 .var "b", 0 0;
v0x629bfa779220_0 .var "cin", 0 0;
v0x629bfa779320_0 .net "cout", 0 0, L_0x629bfa779ad0;  1 drivers
v0x629bfa7793f0_0 .net "sum", 0 0, L_0x629bfa7795d0;  1 drivers
S_0x629bfa762180 .scope module, "dut" "full_adder" 2 15, 3 8 0, S_0x629bfa761ff0;
 .timescale 0 0;
    .port_info 0 /INPUT 1 "a";
    .port_info 1 /INPUT 1 "b";
    .port_info 2 /INPUT 1 "cin";
    .port_info 3 /OUTPUT 1 "sum";
    .port_info 4 /OUTPUT 1 "cout";
L_0x629bfa779490 .functor XOR 1, v0x629bfa779090_0, v0x629bfa779150_0, C4<0>, C4<0>;
L_0x629bfa7795d0 .functor XOR 1, L_0x629bfa779490, v0x629bfa779220_0, C4<0>, C4<0>;
L_0x629bfa779730 .functor AND 1, v0x629bfa779090_0, v0x629bfa779150_0, C4<1>, C4<1>;
L_0x629bfa7797a0 .functor AND 1, v0x629bfa779150_0, v0x629bfa779220_0, C4<1>, C4<1>;
L_0x629bfa779840 .functor OR 1, L_0x629bfa779730, L_0x629bfa7797a0, C4<0>, C4<0>;
L_0x629bfa779900 .functor AND 1, v0x629bfa779090_0, v0x629bfa779220_0, C4<1>, C4<1>;
L_0x629bfa779ad0 .functor OR 1, L_0x629bfa779840, L_0x629bfa779900, C4<0>, C4<0>;
v0x629bfa762310_0 .net *"_ivl_0", 0 0, L_0x629bfa779490;  1 drivers
v0x629bfa778880_0 .net *"_ivl_10", 0 0, L_0x629bfa779900;  1 drivers
v0x629bfa778960_0 .net *"_ivl_4", 0 0, L_0x629bfa779730;  1 drivers
v0x629bfa778a20_0 .net *"_ivl_6", 0 0, L_0x629bfa7797a0;  1 drivers
v0x629bfa778b00_0 .net *"_ivl_8", 0 0, L_0x629bfa779840;  1 drivers
v0x629bfa778c30_0 .net "a", 0 0, v0x629bfa779090_0;  1 drivers
v0x629bfa778cf0_0 .net "b", 0 0, v0x629bfa779150_0;  1 drivers
v0x629bfa778db0_0 .net "cin", 0 0, v0x629bfa779220_0;  1 drivers
v0x629bfa778e70_0 .net "cout", 0 0, L_0x629bfa779ad0;  alias, 1 drivers
v0x629bfa778f30_0 .net "sum", 0 0, L_0x629bfa7795d0;  alias, 1 drivers
    .scope S_0x629bfa761ff0;
T_0 ;
    %vpi_call 2 25 "$dumpfile", "full_adder.vcd" {0 0 0};
    %vpi_call 2 26 "$dumpvars", 32'sb00000000000000000000000000000000, S_0x629bfa761ff0 {0 0 0};
    %pushi/vec4 0, 0, 1;
    %store/vec4 v0x629bfa779090_0, 0, 1;
    %pushi/vec4 0, 0, 1;
    %store/vec4 v0x629bfa779150_0, 0, 1;
    %pushi/vec4 0, 0, 1;
    %store/vec4 v0x629bfa779220_0, 0, 1;
    %delay 10, 0;
    %pushi/vec4 0, 0, 1;
    %store/vec4 v0x629bfa779090_0, 0, 1;
    %pushi/vec4 0, 0, 1;
    %store/vec4 v0x629bfa779150_0, 0, 1;
    %pushi/vec4 1, 0, 1;
    %store/vec4 v0x629bfa779220_0, 0, 1;
    %delay 10, 0;
    %pushi/vec4 0, 0, 1;
    %store/vec4 v0x629bfa779090_0, 0, 1;
    %pushi/vec4 1, 0, 1;
    %store/vec4 v0x629bfa779150_0, 0, 1;
    %pushi/vec4 0, 0, 1;
    %store/vec4 v0x629bfa779220_0, 0, 1;
    %delay 10, 0;
    %pushi/vec4 0, 0, 1;
    %store/vec4 v0x629bfa779090_0, 0, 1;
    %pushi/vec4 1, 0, 1;
    %store/vec4 v0x629bfa779150_0, 0, 1;
    %pushi/vec4 1, 0, 1;
    %store/vec4 v0x629bfa779220_0, 0, 1;
    %delay 10, 0;
    %pushi/vec4 1, 0, 1;
    %store/vec4 v0x629bfa779090_0, 0, 1;
    %pushi/vec4 0, 0, 1;
    %store/vec4 v0x629bfa779150_0, 0, 1;
    %pushi/vec4 0, 0, 1;
    %store/vec4 v0x629bfa779220_0, 0, 1;
    %delay 10, 0;
    %pushi/vec4 1, 0, 1;
    %store/vec4 v0x629bfa779090_0, 0, 1;
    %pushi/vec4 0, 0, 1;
    %store/vec4 v0x629bfa779150_0, 0, 1;
    %pushi/vec4 1, 0, 1;
    %store/vec4 v0x629bfa779220_0, 0, 1;
    %delay 10, 0;
    %pushi/vec4 1, 0, 1;
    %store/vec4 v0x629bfa779090_0, 0, 1;
    %pushi/vec4 1, 0, 1;
    %store/vec4 v0x629bfa779150_0, 0, 1;
    %pushi/vec4 0, 0, 1;
    %store/vec4 v0x629bfa779220_0, 0, 1;
    %delay 10, 0;
    %pushi/vec4 1, 0, 1;
    %store/vec4 v0x629bfa779090_0, 0, 1;
    %pushi/vec4 1, 0, 1;
    %store/vec4 v0x629bfa779150_0, 0, 1;
    %pushi/vec4 1, 0, 1;
    %store/vec4 v0x629bfa779220_0, 0, 1;
    %delay 10, 0;
    %vpi_call 2 39 "$finish" {0 0 0};
    %end;
    .thread T_0;
# The file index is used to find the file name in the following table.
:file_names 4;
    "N/A";
    "<interactive>";
    "tb_full_adder.v";
    "full_adder.v";
