#! /usr/bin/vvp
:ivl_version "12.0 (stable)";
:ivl_delay_selection "TYPICAL";
:vpi_time_precision + 0;
:vpi_module "/usr/lib/x86_64-linux-gnu/ivl/system.vpi";
:vpi_module "/usr/lib/x86_64-linux-gnu/ivl/vhdl_sys.vpi";
:vpi_module "/usr/lib/x86_64-linux-gnu/ivl/vhdl_textio.vpi";
:vpi_module "/usr/lib/x86_64-linux-gnu/ivl/v2005_math.vpi";
:vpi_module "/usr/lib/x86_64-linux-gnu/ivl/va_math.vpi";
S_0x5886a82edbb0 .scope module, "tb_mux_4to1" "tb_mux_4to1" 2 8;
 .timescale 0 0;
P_0x5886a82fd330 .param/l "WIDTH" 1 2 11, +C4<00000000000000000000000000001000>;
v0x5886a83189c0_0 .var "a", 7 0;
v0x5886a8318aa0_0 .var "b", 7 0;
v0x5886a8318b70_0 .var "c", 7 0;
v0x5886a8318c70_0 .var "d", 7 0;
v0x5886a8318d40_0 .var "sel", 1 0;
v0x5886a8318de0_0 .net "y", 7 0, L_0x5886a83198d0;  1 drivers
S_0x5886a82ffea0 .scope module, "dut" "mux_4to1" 2 24, 3 9 0, S_0x5886a82edbb0;
 .timescale 0 0;
    .port_info 0 /INPUT 8 "a";
    .port_info 1 /INPUT 8 "b";
    .port_info 2 /INPUT 8 "c";
    .port_info 3 /INPUT 8 "d";
    .port_info 4 /INPUT 2 "sel";
    .port_info 5 /OUTPUT 8 "y";
P_0x5886a8300080 .param/l "WIDTH" 0 3 9, +C4<00000000000000000000000000001000>;
L_0x77efdce40018 .functor BUFT 1, C4<00>, C4<0>, C4<0>, C4<0>;
v0x5886a83001c0_0 .net/2u *"_ivl_0", 1 0, L_0x77efdce40018;  1 drivers
v0x5886a8317a70_0 .net *"_ivl_10", 0 0, L_0x5886a8319170;  1 drivers
L_0x77efdce400f0 .functor BUFT 1, C4<11>, C4<0>, C4<0>, C4<0>;
v0x5886a8317b30_0 .net/2u *"_ivl_12", 1 0, L_0x77efdce400f0;  1 drivers
v0x5886a8317bf0_0 .net *"_ivl_14", 0 0, L_0x5886a8319240;  1 drivers
L_0x77efdce40138 .functor BUFT 1, C4<00000000>, C4<0>, C4<0>, C4<0>;
v0x5886a8317cb0_0 .net/2u *"_ivl_16", 7 0, L_0x77efdce40138;  1 drivers
v0x5886a8317de0_0 .net *"_ivl_18", 7 0, L_0x5886a83193e0;  1 drivers
v0x5886a8317ec0_0 .net *"_ivl_2", 0 0, L_0x5886a8318ee0;  1 drivers
v0x5886a8317f80_0 .net *"_ivl_20", 7 0, L_0x5886a8319570;  1 drivers
v0x5886a8318060_0 .net *"_ivl_22", 7 0, L_0x5886a8319740;  1 drivers
L_0x77efdce40060 .functor BUFT 1, C4<01>, C4<0>, C4<0>, C4<0>;
v0x5886a8318140_0 .net/2u *"_ivl_4", 1 0, L_0x77efdce40060;  1 drivers
v0x5886a8318220_0 .net *"_ivl_6", 0 0, L_0x5886a8319050;  1 drivers
L_0x77efdce400a8 .functor BUFT 1, C4<10>, C4<0>, C4<0>, C4<0>;
v0x5886a83182e0_0 .net/2u *"_ivl_8", 1 0, L_0x77efdce400a8;  1 drivers
v0x5886a83183c0_0 .net "a", 7 0, v0x5886a83189c0_0;  1 drivers
v0x5886a83184a0_0 .net "b", 7 0, v0x5886a8318aa0_0;  1 drivers
v0x5886a8318580_0 .net "c", 7 0, v0x5886a8318b70_0;  1 drivers
v0x5886a8318660_0 .net "d", 7 0, v0x5886a8318c70_0;  1 drivers
v0x5886a8318740_0 .net "sel", 1 0, v0x5886a8318d40_0;  1 drivers
v0x5886a8318820_0 .net "y", 7 0, L_0x5886a83198d0;  alias, 1 drivers
L_0x5886a8318ee0 .cmp/eq 2, v0x5886a8318d40_0, L_0x77efdce40018;
L_0x5886a8319050 .cmp/eq 2, v0x5886a8318d40_0, L_0x77efdce40060;
L_0x5886a8319170 .cmp/eq 2, v0x5886a8318d40_0, L_0x77efdce400a8;
L_0x5886a8319240 .cmp/eq 2, v0x5886a8318d40_0, L_0x77efdce400f0;
L_0x5886a83193e0 .functor MUXZ 8, L_0x77efdce40138, v0x5886a8318c70_0, L_0x5886a8319240, C4<>;
L_0x5886a8319570 .functor MUXZ 8, L_0x5886a83193e0, v0x5886a8318b70_0, L_0x5886a8319170, C4<>;
L_0x5886a8319740 .functor MUXZ 8, L_0x5886a8319570, v0x5886a8318aa0_0, L_0x5886a8319050, C4<>;
L_0x5886a83198d0 .functor MUXZ 8, L_0x5886a8319740, v0x5886a83189c0_0, L_0x5886a8318ee0, C4<>;
    .scope S_0x5886a82edbb0;
T_0 ;
    %vpi_call 2 35 "$dumpfile", "mux_4to1.vcd" {0 0 0};
    %vpi_call 2 36 "$dumpvars", 32'sb00000000000000000000000000000000, S_0x5886a82edbb0 {0 0 0};
    %pushi/vec4 0, 0, 8;
    %store/vec4 v0x5886a83189c0_0, 0, 8;
    %pushi/vec4 0, 0, 8;
    %store/vec4 v0x5886a8318aa0_0, 0, 8;
    %pushi/vec4 0, 0, 8;
    %store/vec4 v0x5886a8318b70_0, 0, 8;
    %pushi/vec4 0, 0, 8;
    %store/vec4 v0x5886a8318c70_0, 0, 8;
    %pushi/vec4 0, 0, 2;
    %store/vec4 v0x5886a8318d40_0, 0, 2;
    %delay 10, 0;
    %pushi/vec4 170, 0, 8;
    %store/vec4 v0x5886a83189c0_0, 0, 8;
    %pushi/vec4 187, 0, 8;
    %store/vec4 v0x5886a8318aa0_0, 0, 8;
    %pushi/vec4 204, 0, 8;
    %store/vec4 v0x5886a8318b70_0, 0, 8;
    %pushi/vec4 221, 0, 8;
    %store/vec4 v0x5886a8318c70_0, 0, 8;
    %pushi/vec4 0, 0, 2;
    %store/vec4 v0x5886a8318d40_0, 0, 2;
    %delay 10, 0;
    %pushi/vec4 1, 0, 2;
    %store/vec4 v0x5886a8318d40_0, 0, 2;
    %delay 10, 0;
    %pushi/vec4 2, 0, 2;
    %store/vec4 v0x5886a8318d40_0, 0, 2;
    %delay 10, 0;
    %pushi/vec4 3, 0, 2;
    %store/vec4 v0x5886a8318d40_0, 0, 2;
    %delay 10, 0;
    %vpi_call 2 61 "$finish" {0 0 0};
    %end;
    .thread T_0;
# The file index is used to find the file name in the following table.
:file_names 4;
    "N/A";
    "<interactive>";
    "mux_4to1/tb_mux_4to1.v";
    "mux_4to1/mux_4to1.v";
