#! /usr/bin/vvp
:ivl_version "12.0 (stable)";
:ivl_delay_selection "TYPICAL";
:vpi_time_precision + 0;
:vpi_module "/usr/lib/x86_64-linux-gnu/ivl/system.vpi";
:vpi_module "/usr/lib/x86_64-linux-gnu/ivl/vhdl_sys.vpi";
:vpi_module "/usr/lib/x86_64-linux-gnu/ivl/vhdl_textio.vpi";
:vpi_module "/usr/lib/x86_64-linux-gnu/ivl/v2005_math.vpi";
:vpi_module "/usr/lib/x86_64-linux-gnu/ivl/va_math.vpi";
S_0x63c8ed09e980 .scope module, "tb_ripple_carry_adder" "tb_ripple_carry_adder" 2 8;
 .timescale 0 0;
v0x63c8ed0d1ec0_0 .var "A", 3 0;
v0x63c8ed0d1fa0_0 .var "B", 3 0;
v0x63c8ed0d2040_0 .var "Cin", 0 0;
v0x63c8ed0d2160_0 .net "Cout", 0 0, L_0x63c8ed0d4120;  1 drivers
v0x63c8ed0d2250_0 .net "Sum", 3 0, L_0x63c8ed0d44e0;  1 drivers
S_0x63c8ed0a46f0 .scope module, "dut" "ripple_carry_adder" 2 18, 3 8 0, S_0x63c8ed09e980;
 .timescale 0 0;
    .port_info 0 /INPUT 4 "A";
    .port_info 1 /INPUT 4 "B";
    .port_info 2 /INPUT 1 "Cin";
    .port_info 3 /OUTPUT 4 "Sum";
    .port_info 4 /OUTPUT 1 "Cout";
v0x63c8ed0d17b0_0 .net "A", 3 0, v0x63c8ed0d1ec0_0;  1 drivers
v0x63c8ed0d18b0_0 .net "B", 3 0, v0x63c8ed0d1fa0_0;  1 drivers
v0x63c8ed0d1990_0 .net "C1", 0 0, L_0x63c8ed0d2880;  1 drivers
v0x63c8ed0d1a30_0 .net "C2", 0 0, L_0x63c8ed0d30d0;  1 drivers
v0x63c8ed0d1b20_0 .net "C3", 0 0, L_0x63c8ed0d38b0;  1 drivers
v0x63c8ed0d1c60_0 .net "Cin", 0 0, v0x63c8ed0d2040_0;  1 drivers
v0x63c8ed0d1d00_0 .net "Cout", 0 0, L_0x63c8ed0d4120;  alias, 1 drivers
v0x63c8ed0d1da0_0 .net "Sum", 3 0, L_0x63c8ed0d44e0;  alias, 1 drivers
L_0x63c8ed0d2990 .part v0x63c8ed0d1ec0_0, 0, 1;
L_0x63c8ed0d2ac0 .part v0x63c8ed0d1fa0_0, 0, 1;
L_0x63c8ed0d31e0 .part v0x63c8ed0d1ec0_0, 1, 1;
L_0x63c8ed0d3310 .part v0x63c8ed0d1fa0_0, 1, 1;
L_0x63c8ed0d39c0 .part v0x63c8ed0d1ec0_0, 2, 1;
L_0x63c8ed0d3b80 .part v0x63c8ed0d1fa0_0, 2, 1;
L_0x63c8ed0d4230 .part v0x63c8ed0d1ec0_0, 3, 1;
L_0x63c8ed0d4360 .part v0x63c8ed0d1fa0_0, 3, 1;
L_0x63c8ed0d44e0 .concat8 [ 1 1 1 1], L_0x63c8ed0d23e0, L_0x63c8ed0d2c60, L_0x63c8ed0d34e0, L_0x63c8ed0d3df0;
S_0x63c8ed073490 .scope module, "fa0" "full_adder" 3 26, 4 8 0, S_0x63c8ed0a46f0;
 .timescale 0 0;
    .port_info 0 /INPUT 1 "a";
    .port_info 1 /INPUT 1 "b";
    .port_info 2 /INPUT 1 "cin";
    .port_info 3 /OUTPUT 1 "sum";
    .port_info 4 /OUTPUT 1 "cout";
L_0x63c8ed0d2340 .functor XOR 1, L_0x63c8ed0d2990, L_0x63c8ed0d2ac0, C4<0>, C4<0>;
L_0x63c8ed0d23e0 .functor XOR 1, L_0x63c8ed0d2340, v0x63c8ed0d2040_0, C4<0>, C4<0>;
L_0x63c8ed0d24d0 .functor AND 1, L_0x63c8ed0d2990, L_0x63c8ed0d2ac0, C4<1>, C4<1>;
L_0x63c8ed0d25e0 .functor AND 1, L_0x63c8ed0d2ac0, v0x63c8ed0d2040_0, C4<1>, C4<1>;
L_0x63c8ed0d2710 .functor OR 1, L_0x63c8ed0d24d0, L_0x63c8ed0d25e0, C4<0>, C4<0>;
L_0x63c8ed0d27d0 .functor AND 1, L_0x63c8ed0d2990, v0x63c8ed0d2040_0, C4<1>, C4<1>;
L_0x63c8ed0d2880 .functor OR 1, L_0x63c8ed0d2710, L_0x63c8ed0d27d0, C4<0>, C4<0>;
v0x63c8ed0a69e0_0 .net *"_ivl_0", 0 0, L_0x63c8ed0d2340;  1 drivers
v0x63c8ed0a41b0_0 .net *"_ivl_10", 0 0, L_0x63c8ed0d27d0;  1 drivers
v0x63c8ed0a1980_0 .net *"_ivl_4", 0 0, L_0x63c8ed0d24d0;  1 drivers
v0x63c8ed09f1a0_0 .net *"_ivl_6", 0 0, L_0x63c8ed0d25e0;  1 drivers
v0x63c8ed0cf110_0 .net *"_ivl_8", 0 0, L_0x63c8ed0d2710;  1 drivers
v0x63c8ed0cf240_0 .net "a", 0 0, L_0x63c8ed0d2990;  1 drivers
v0x63c8ed0cf300_0 .net "b", 0 0, L_0x63c8ed0d2ac0;  1 drivers
v0x63c8ed0cf3c0_0 .net "cin", 0 0, v0x63c8ed0d2040_0;  alias, 1 drivers
v0x63c8ed0cf480_0 .net "cout", 0 0, L_0x63c8ed0d2880;  alias, 1 drivers
v0x63c8ed0cf540_0 .net "sum", 0 0, L_0x63c8ed0d23e0;  1 drivers
S_0x63c8ed0cf6a0 .scope module, "fa1" "full_adder" 3 34, 4 8 0, S_0x63c8ed0a46f0;
 .timescale 0 0;
    .port_info 0 /INPUT 1 "a";
    .port_info 1 /INPUT 1 "b";
    .port_info 2 /INPUT 1 "cin";
    .port_info 3 /OUTPUT 1 "sum";
    .port_info 4 /OUTPUT 1 "cout";
L_0x63c8ed0d2bf0 .functor XOR 1, L_0x63c8ed0d31e0, L_0x63c8ed0d3310, C4<0>, C4<0>;
L_0x63c8ed0d2c60 .functor XOR 1, L_0x63c8ed0d2bf0, L_0x63c8ed0d2880, C4<0>, C4<0>;
L_0x63c8ed0d2db0 .functor AND 1, L_0x63c8ed0d31e0, L_0x63c8ed0d3310, C4<1>, C4<1>;
L_0x63c8ed0d2e70 .functor AND 1, L_0x63c8ed0d3310, L_0x63c8ed0d2880, C4<1>, C4<1>;
L_0x63c8ed0d2f10 .functor OR 1, L_0x63c8ed0d2db0, L_0x63c8ed0d2e70, C4<0>, C4<0>;
L_0x63c8ed0d3020 .functor AND 1, L_0x63c8ed0d31e0, L_0x63c8ed0d2880, C4<1>, C4<1>;
L_0x63c8ed0d30d0 .functor OR 1, L_0x63c8ed0d2f10, L_0x63c8ed0d3020, C4<0>, C4<0>;
v0x63c8ed0cf850_0 .net *"_ivl_0", 0 0, L_0x63c8ed0d2bf0;  1 drivers
v0x63c8ed0cf930_0 .net *"_ivl_10", 0 0, L_0x63c8ed0d3020;  1 drivers
v0x63c8ed0cfa10_0 .net *"_ivl_4", 0 0, L_0x63c8ed0d2db0;  1 drivers
v0x63c8ed0cfad0_0 .net *"_ivl_6", 0 0, L_0x63c8ed0d2e70;  1 drivers
v0x63c8ed0cfbb0_0 .net *"_ivl_8", 0 0, L_0x63c8ed0d2f10;  1 drivers
v0x63c8ed0cfce0_0 .net "a", 0 0, L_0x63c8ed0d31e0;  1 drivers
v0x63c8ed0cfda0_0 .net "b", 0 0, L_0x63c8ed0d3310;  1 drivers
v0x63c8ed0cfe60_0 .net "cin", 0 0, L_0x63c8ed0d2880;  alias, 1 drivers
v0x63c8ed0cff00_0 .net "cout", 0 0, L_0x63c8ed0d30d0;  alias, 1 drivers
v0x63c8ed0cffa0_0 .net "sum", 0 0, L_0x63c8ed0d2c60;  1 drivers
S_0x63c8ed0d0100 .scope module, "fa2" "full_adder" 3 42, 4 8 0, S_0x63c8ed0a46f0;
 .timescale 0 0;
    .port_info 0 /INPUT 1 "a";
    .port_info 1 /INPUT 1 "b";
    .port_info 2 /INPUT 1 "cin";
    .port_info 3 /OUTPUT 1 "sum";
    .port_info 4 /OUTPUT 1 "cout";
L_0x63c8ed0d3470 .functor XOR 1, L_0x63c8ed0d39c0, L_0x63c8ed0d3b80, C4<0>, C4<0>;
L_0x63c8ed0d34e0 .functor XOR 1, L_0x63c8ed0d3470, L_0x63c8ed0d30d0, C4<0>, C4<0>;
L_0x63c8ed0d35e0 .functor AND 1, L_0x63c8ed0d39c0, L_0x63c8ed0d3b80, C4<1>, C4<1>;
L_0x63c8ed0d3650 .functor AND 1, L_0x63c8ed0d3b80, L_0x63c8ed0d30d0, C4<1>, C4<1>;
L_0x63c8ed0d36f0 .functor OR 1, L_0x63c8ed0d35e0, L_0x63c8ed0d3650, C4<0>, C4<0>;
L_0x63c8ed0d3800 .functor AND 1, L_0x63c8ed0d39c0, L_0x63c8ed0d30d0, C4<1>, C4<1>;
L_0x63c8ed0d38b0 .functor OR 1, L_0x63c8ed0d36f0, L_0x63c8ed0d3800, C4<0>, C4<0>;
v0x63c8ed0d02c0_0 .net *"_ivl_0", 0 0, L_0x63c8ed0d3470;  1 drivers
v0x63c8ed0d03a0_0 .net *"_ivl_10", 0 0, L_0x63c8ed0d3800;  1 drivers
v0x63c8ed0d0480_0 .net *"_ivl_4", 0 0, L_0x63c8ed0d35e0;  1 drivers
v0x63c8ed0d0570_0 .net *"_ivl_6", 0 0, L_0x63c8ed0d3650;  1 drivers
v0x63c8ed0d0650_0 .net *"_ivl_8", 0 0, L_0x63c8ed0d36f0;  1 drivers
v0x63c8ed0d0780_0 .net "a", 0 0, L_0x63c8ed0d39c0;  1 drivers
v0x63c8ed0d0840_0 .net "b", 0 0, L_0x63c8ed0d3b80;  1 drivers
v0x63c8ed0d0900_0 .net "cin", 0 0, L_0x63c8ed0d30d0;  alias, 1 drivers
v0x63c8ed0d09a0_0 .net "cout", 0 0, L_0x63c8ed0d38b0;  alias, 1 drivers
v0x63c8ed0d0ad0_0 .net "sum", 0 0, L_0x63c8ed0d34e0;  1 drivers
S_0x63c8ed0d0c60 .scope module, "fa3" "full_adder" 3 50, 4 8 0, S_0x63c8ed0a46f0;
 .timescale 0 0;
    .port_info 0 /INPUT 1 "a";
    .port_info 1 /INPUT 1 "b";
    .port_info 2 /INPUT 1 "cin";
    .port_info 3 /OUTPUT 1 "sum";
    .port_info 4 /OUTPUT 1 "cout";
L_0x63c8ed0d3d80 .functor XOR 1, L_0x63c8ed0d4230, L_0x63c8ed0d4360, C4<0>, C4<0>;
L_0x63c8ed0d3df0 .functor XOR 1, L_0x63c8ed0d3d80, L_0x63c8ed0d38b0, C4<0>, C4<0>;
L_0x63c8ed0d3ef0 .functor AND 1, L_0x63c8ed0d4230, L_0x63c8ed0d4360, C4<1>, C4<1>;
L_0x63c8ed0d3f60 .functor AND 1, L_0x63c8ed0d4360, L_0x63c8ed0d38b0, C4<1>, C4<1>;
L_0x63c8ed0d4000 .functor OR 1, L_0x63c8ed0d3ef0, L_0x63c8ed0d3f60, C4<0>, C4<0>;
L_0x63c8ed0d4070 .functor AND 1, L_0x63c8ed0d4230, L_0x63c8ed0d38b0, C4<1>, C4<1>;
L_0x63c8ed0d4120 .functor OR 1, L_0x63c8ed0d4000, L_0x63c8ed0d4070, C4<0>, C4<0>;
v0x63c8ed0d0df0_0 .net *"_ivl_0", 0 0, L_0x63c8ed0d3d80;  1 drivers
v0x63c8ed0d0ef0_0 .net *"_ivl_10", 0 0, L_0x63c8ed0d4070;  1 drivers
v0x63c8ed0d0fd0_0 .net *"_ivl_4", 0 0, L_0x63c8ed0d3ef0;  1 drivers
v0x63c8ed0d10c0_0 .net *"_ivl_6", 0 0, L_0x63c8ed0d3f60;  1 drivers
v0x63c8ed0d11a0_0 .net *"_ivl_8", 0 0, L_0x63c8ed0d4000;  1 drivers
v0x63c8ed0d12d0_0 .net "a", 0 0, L_0x63c8ed0d4230;  1 drivers
v0x63c8ed0d1390_0 .net "b", 0 0, L_0x63c8ed0d4360;  1 drivers
v0x63c8ed0d1450_0 .net "cin", 0 0, L_0x63c8ed0d38b0;  alias, 1 drivers
v0x63c8ed0d14f0_0 .net "cout", 0 0, L_0x63c8ed0d4120;  alias, 1 drivers
v0x63c8ed0d1620_0 .net "sum", 0 0, L_0x63c8ed0d3df0;  1 drivers
    .scope S_0x63c8ed09e980;
T_0 ;
    %vpi_call 2 28 "$dumpfile", "rca.vcd" {0 0 0};
    %vpi_call 2 29 "$dumpvars", 32'sb00000000000000000000000000000000, S_0x63c8ed09e980 {0 0 0};
    %pushi/vec4 0, 0, 1;
    %store/vec4 v0x63c8ed0d2040_0, 0, 1;
    %pushi/vec4 0, 0, 4;
    %store/vec4 v0x63c8ed0d1ec0_0, 0, 4;
    %pushi/vec4 0, 0, 4;
    %store/vec4 v0x63c8ed0d1fa0_0, 0, 4;
    %delay 10, 0;
    %pushi/vec4 1, 0, 4;
    %store/vec4 v0x63c8ed0d1ec0_0, 0, 4;
    %pushi/vec4 2, 0, 4;
    %store/vec4 v0x63c8ed0d1fa0_0, 0, 4;
    %delay 10, 0;
    %pushi/vec4 5, 0, 4;
    %store/vec4 v0x63c8ed0d1ec0_0, 0, 4;
    %pushi/vec4 2, 0, 4;
    %store/vec4 v0x63c8ed0d1fa0_0, 0, 4;
    %delay 10, 0;
    %pushi/vec4 15, 0, 4;
    %store/vec4 v0x63c8ed0d1ec0_0, 0, 4;
    %pushi/vec4 15, 0, 4;
    %store/vec4 v0x63c8ed0d1fa0_0, 0, 4;
    %delay 10, 0;
    %pushi/vec4 10, 0, 4;
    %store/vec4 v0x63c8ed0d1ec0_0, 0, 4;
    %pushi/vec4 1, 0, 4;
    %store/vec4 v0x63c8ed0d1fa0_0, 0, 4;
    %delay 10, 0;
    %vpi_call 2 54 "$finish" {0 0 0};
    %end;
    .thread T_0;
# The file index is used to find the file name in the following table.
:file_names 5;
    "N/A";
    "<interactive>";
    "tb_rca.v";
    "rca.v";
    "../Ex2_FullAdder/full_adder.v";
